commit 08b3a3c47e0be4a4852b251b531aadbbffcf2e75
Author: Yandrakovic <danimonserrat@gmail.com>
Date:   Wed May 10 01:34:32 2017 +0200

    Primera corrección

commit 8ccf55fae8afe718cf190f498c37838e609b760e
Author: Yandrakovic <danimonserrat@gmail.com>
Date:   Wed May 10 01:33:30 2017 +0200

    primer paquete

commit fa4a90677db88f2dd5de20184d450c6a0b4f95ba
Author: Yandrakovic <danimonserrat@gmail.com>
Date:   Wed May 10 01:31:30 2017 +0200

    Paso 1

commit 939e59209b93fa247a7977e76df7c9b052ddf704
Author: Yandrakovic <danimonserrat@gmail.com>
Date:   Wed May 10 01:29:58 2017 +0200

    Versión 1 derechos

commit ed679abc6d7ff38044df732b80b34368ee69b7df
Author: Yandrakovic <danimonserrat@gmail.com>
Date:   Wed May 10 01:28:47 2017 +0200

    Empezando con las imágenes 1

commit 371fe6ee212039d7da6f11dcc8de553a44bbb213
Author: Yandrakovic <danimonserrat@gmail.com>
Date:   Wed May 10 01:26:44 2017 +0200

    Ahí va por primera vez

commit 9942309e90c0f1efcd9581e4e16b87ec9be04c2d
Author: Yandrakovic <danimonserrat@gmail.com>
Date:   Wed May 10 01:24:48 2017 +0200

    Primer guardado del índice

commit 76481045c44d2858a062f1abe888eb498f64895b
Author: Yandrakovic <danimonserrat@gmail.com>
Date:   Wed May 10 01:22:45 2017 +0200

    Primera versión del estilo

commit 769a9ea79ddade7f27e452b5c0fa8d125513b7ec
Author: Yandrakovic <danimonserrat@gmail.com>
Date:   Wed May 10 00:51:11 2017 +0200

    Pequeño añadido

commit 49509dd1e69330da067a65a94f28c850ddb24188
Author: Yandrakovic <danimonserrat@gmail.com>
Date:   Wed May 10 00:42:40 2017 +0200

    Rama alternativa

commit a4533edcdd7879506df10eeac9bbf56f82ec21c7
Author: Yandrakovic <danimonserrat@gmail.com>
Date:   Wed May 10 00:35:43 2017 +0200

    Primera versión

commit 3ead74010a447d36cea6297537179c774dd1d077
Author: Yandrakovic <danimonserrat@gmail.com>
Date:   Wed May 10 00:30:06 2017 +0200

    Archivo modificado

commit 3e448fda66fd302aae98aedd67ada3687a9e9a31
Author: Yandrakovic <danimonserrat@gmail.com>
Date:   Wed May 10 00:12:27 2017 +0200

    Envío inicial
